# Logfile created on Wed Apr 12 22:16:17 EDT 2006 by logger.rb/1.5.2.7
[12/Apr/2006:22:16:17 :: 29136] starting
[12/Apr/2006:23:39:50 :: 29136] Dispatcher failed to catch:  (Interrupt)
  /usr/local/lib/ruby/site_ruby/1.8/fcgi.rb:597:in `each'
  /usr/local/lib/ruby/site_ruby/1.8/fcgi.rb:597:in `each_cgi'
  /Users/willBailey/rails/notable/public/../config/../vendor/rails/railties/lib/fcgi_handler.rb:53:in `process!'
  /Users/willBailey/rails/notable/public/../config/../vendor/rails/railties/lib/fcgi_handler.rb:23:in `process!'
  /Users/willBailey/rails/notable/public/dispatch.fcgi:24
killed by this error
[12/Apr/2006:23:43:27 :: 29288] starting
[12/Apr/2006:23:59:38 :: 29288] Dispatcher failed to catch:  (Interrupt)
  /usr/local/lib/ruby/site_ruby/1.8/fcgi.rb:597:in `each'
  /usr/local/lib/ruby/site_ruby/1.8/fcgi.rb:597:in `each_cgi'
  /Users/willBailey/rails/notable/public/../config/../vendor/rails/railties/lib/fcgi_handler.rb:53:in `process!'
  /Users/willBailey/rails/notable/public/../config/../vendor/rails/railties/lib/fcgi_handler.rb:23:in `process!'
  /Users/willBailey/rails/notable/public/dispatch.fcgi:24
killed by this error
[12/Apr/2006:23:59:49 :: 29314] starting
[13/Apr/2006:00:03:46 :: 29314] Dispatcher failed to catch:  (Interrupt)
  /Users/willBailey/rails/notable/public/../config/../vendor/rails/activerecord/lib/../../activesupport/lib/active_support/core_ext/module/inclusion.rb:4:in `included_in_classes'
  /Users/willBailey/rails/notable/public/../config/../vendor/rails/activerecord/lib/../../activesupport/lib/active_support/core_ext/module/inclusion.rb:4:in `included_in_classes'
  /Users/willBailey/rails/notable/public/../config/../vendor/rails/activerecord/lib/../../activesupport/lib/active_support/reloadable.rb:16:in `reloadable_classes'
  /Users/willBailey/rails/notable/public/../config/../vendor/rails/railties/lib/dispatcher.rb:55:in `reset_application!'
  /Users/willBailey/rails/notable/public/../config/../vendor/rails/railties/lib/dispatcher.rb:74:in `reset_after_dispatch'
  /Users/willBailey/rails/notable/public/../config/../vendor/rails/railties/lib/dispatcher.rb:46:in `dispatch'
  /Users/willBailey/rails/notable/public/../config/../vendor/rails/railties/lib/fcgi_handler.rb:150:in `process_request'
  /Users/willBailey/rails/notable/public/../config/../vendor/rails/railties/lib/fcgi_handler.rb:54:in `process!'
  /usr/local/lib/ruby/site_ruby/1.8/fcgi.rb:600:in `each_cgi'
  /usr/local/lib/ruby/site_ruby/1.8/fcgi.rb:597:in `each_cgi'
  /Users/willBailey/rails/notable/public/../config/../vendor/rails/railties/lib/fcgi_handler.rb:53:in `process!'
  /Users/willBailey/rails/notable/public/../config/../vendor/rails/railties/lib/fcgi_handler.rb:23:in `process!'
  /Users/willBailey/rails/notable/public/dispatch.fcgi:24
killed by this error
[13/Apr/2006:00:06:27 :: 29331] starting
[13/Apr/2006:00:55:31 :: 29331] Dispatcher failed to catch:  (Interrupt)
  /usr/local/lib/ruby/site_ruby/1.8/fcgi.rb:597:in `each'
  /usr/local/lib/ruby/site_ruby/1.8/fcgi.rb:597:in `each_cgi'
  /Users/willBailey/rails/notable/public/../config/../vendor/rails/railties/lib/fcgi_handler.rb:53:in `process!'
  /Users/willBailey/rails/notable/public/../config/../vendor/rails/railties/lib/fcgi_handler.rb:23:in `process!'
  /Users/willBailey/rails/notable/public/dispatch.fcgi:24
killed by this error
[13/Apr/2006:00:55:41 :: 29418] starting
[13/Apr/2006:01:07:14 :: 29418] Dispatcher failed to catch:  (Interrupt)
  /usr/local/lib/ruby/site_ruby/1.8/fcgi.rb:597:in `each'
  /usr/local/lib/ruby/site_ruby/1.8/fcgi.rb:597:in `each_cgi'
  /Users/willBailey/rails/notable/public/../config/../vendor/rails/railties/lib/fcgi_handler.rb:53:in `process!'
  /Users/willBailey/rails/notable/public/../config/../vendor/rails/railties/lib/fcgi_handler.rb:23:in `process!'
  /Users/willBailey/rails/notable/public/dispatch.fcgi:24
killed by this error
[13/Apr/2006:01:07:23 :: 29446] starting
[13/Apr/2006:01:23:00 :: 29446] Dispatcher failed to catch:  (Interrupt)
  /usr/local/lib/ruby/site_ruby/1.8/fcgi.rb:597:in `each'
  /usr/local/lib/ruby/site_ruby/1.8/fcgi.rb:597:in `each_cgi'
  /Users/willBailey/rails/notable/public/../config/../vendor/rails/railties/lib/fcgi_handler.rb:53:in `process!'
  /Users/willBailey/rails/notable/public/../config/../vendor/rails/railties/lib/fcgi_handler.rb:23:in `process!'
  /Users/willBailey/rails/notable/public/dispatch.fcgi:24
killed by this error
[13/Apr/2006:01:23:14 :: 29472] starting
[13/Apr/2006:21:54:41 :: 29472] Dispatcher failed to catch:  (Interrupt)
  /usr/local/lib/ruby/site_ruby/1.8/fcgi.rb:597:in `each'
  /usr/local/lib/ruby/site_ruby/1.8/fcgi.rb:597:in `each_cgi'
  /Users/willBailey/rails/notable/public/../config/../vendor/rails/railties/lib/fcgi_handler.rb:53:in `process!'
  /Users/willBailey/rails/notable/public/../config/../vendor/rails/railties/lib/fcgi_handler.rb:23:in `process!'
  /Users/willBailey/rails/notable/public/dispatch.fcgi:24
killed by this error
[13/Apr/2006:21:54:57 :: 29682] starting
[15/Apr/2006:10:37:20 :: 410] starting
[15/Apr/2006:22:47:03 :: 410] asked to terminate immediately
[15/Apr/2006:22:47:03 :: 410] terminated by explicit exit
[15/Apr/2006:22:47:14 :: 699] starting
[17/Apr/2006:22:58:42 :: 610] starting
[18/Apr/2006:22:06:11 :: 610] Dispatcher failed to catch:  (Interrupt)
  /usr/local/lib/ruby/site_ruby/1.8/fcgi.rb:597:in `each'
  /usr/local/lib/ruby/site_ruby/1.8/fcgi.rb:597:in `each_cgi'
  /Users/willBailey/rails/notable/public/../config/../vendor/rails/railties/lib/fcgi_handler.rb:53:in `process!'
  /Users/willBailey/rails/notable/public/../config/../vendor/rails/railties/lib/fcgi_handler.rb:23:in `process!'
  /Users/willBailey/rails/notable/public/dispatch.fcgi:24
killed by this error
[18/Apr/2006:22:06:28 :: 1052] starting
[18/Apr/2006:22:21:56 :: 1052] Dispatcher failed to catch:  (Interrupt)
  /usr/local/lib/ruby/site_ruby/1.8/fcgi.rb:597:in `each'
  /usr/local/lib/ruby/site_ruby/1.8/fcgi.rb:597:in `each_cgi'
  /Users/willBailey/rails/notable/public/../config/../vendor/rails/railties/lib/fcgi_handler.rb:53:in `process!'
  /Users/willBailey/rails/notable/public/../config/../vendor/rails/railties/lib/fcgi_handler.rb:23:in `process!'
  /Users/willBailey/rails/notable/public/dispatch.fcgi:24
killed by this error
[18/Apr/2006:22:22:09 :: 1063] starting
[18/Apr/2006:22:27:11 :: 1063] asked to terminate immediately
[18/Apr/2006:22:27:11 :: 1063] terminated by explicit exit
[18/Apr/2006:22:32:10 :: 1076] starting
[19/Apr/2006:19:23:49 :: 1076] Dispatcher failed to catch:  (Interrupt)
  /usr/local/lib/ruby/site_ruby/1.8/fcgi.rb:597:in `each'
  /usr/local/lib/ruby/site_ruby/1.8/fcgi.rb:597:in `each_cgi'
  /Users/willBailey/rails/notable/public/../config/../vendor/rails/railties/lib/fcgi_handler.rb:53:in `process!'
  /Users/willBailey/rails/notable/public/../config/../vendor/rails/railties/lib/fcgi_handler.rb:23:in `process!'
  /Users/willBailey/rails/notable/public/dispatch.fcgi:24
killed by this error
[19/Apr/2006:19:40:07 :: 1532] starting
[20/Apr/2006:09:22:32 :: 1532] Dispatcher failed to catch:  (Interrupt)
  /usr/local/lib/ruby/site_ruby/1.8/fcgi.rb:597:in `each'
  /usr/local/lib/ruby/site_ruby/1.8/fcgi.rb:597:in `each_cgi'
  /Users/willBailey/rails/notable/public/../config/../vendor/rails/railties/lib/fcgi_handler.rb:53:in `process!'
  /Users/willBailey/rails/notable/public/../config/../vendor/rails/railties/lib/fcgi_handler.rb:23:in `process!'
  /Users/willBailey/rails/notable/public/dispatch.fcgi:24
killed by this error
[20/Apr/2006:21:57:08 :: 9749] starting
[20/Apr/2006:22:39:42 :: 9749] Dispatcher failed to catch:  (Interrupt)
  /usr/local/lib/ruby/site_ruby/1.8/fcgi.rb:597:in `each'
  /usr/local/lib/ruby/site_ruby/1.8/fcgi.rb:597:in `each_cgi'
  /Users/willBailey/rails/notable/public/../config/../vendor/rails/railties/lib/fcgi_handler.rb:53:in `process!'
  /Users/willBailey/rails/notable/public/../config/../vendor/rails/railties/lib/fcgi_handler.rb:23:in `process!'
  /Users/willBailey/rails/notable/public/dispatch.fcgi:24
killed by this error
[20/Apr/2006:22:55:58 :: 9927] starting
[20/Apr/2006:23:08:42 :: 9927] Dispatcher failed to catch:  (Interrupt)
  /usr/local/lib/ruby/site_ruby/1.8/fcgi.rb:597:in `each'
  /usr/local/lib/ruby/site_ruby/1.8/fcgi.rb:597:in `each_cgi'
  /Users/willBailey/rails/notable_svn_working/public/../config/../vendor/rails/railties/lib/fcgi_handler.rb:53:in `process!'
  /Users/willBailey/rails/notable_svn_working/public/../config/../vendor/rails/railties/lib/fcgi_handler.rb:23:in `process!'
  /Users/willBailey/rails/notable_svn_working/public/dispatch.fcgi:24
killed by this error
[20/Apr/2006:23:12:23 :: 9947] starting
[20/Apr/2006:23:25:29 :: 9947] Dispatcher failed to catch:  (Interrupt)
  /usr/local/lib/ruby/site_ruby/1.8/fcgi.rb:597:in `each'
  /usr/local/lib/ruby/site_ruby/1.8/fcgi.rb:597:in `each_cgi'
  /Users/willBailey/rails/notable_svn_working/public/../config/../vendor/rails/railties/lib/fcgi_handler.rb:53:in `process!'
  /Users/willBailey/rails/notable_svn_working/public/../config/../vendor/rails/railties/lib/fcgi_handler.rb:23:in `process!'
  /Users/willBailey/rails/notable_svn_working/public/dispatch.fcgi:24
killed by this error
[20/Apr/2006:23:33:29 :: 9995] starting
[21/Apr/2006:00:38:26 :: 9995] Dispatcher failed to catch:  (Interrupt)
  /usr/local/lib/ruby/site_ruby/1.8/fcgi.rb:597:in `each'
  /usr/local/lib/ruby/site_ruby/1.8/fcgi.rb:597:in `each_cgi'
  /Users/willBailey/rails/notable_svn_working/public/../config/../vendor/rails/railties/lib/fcgi_handler.rb:53:in `process!'
  /Users/willBailey/rails/notable_svn_working/public/../config/../vendor/rails/railties/lib/fcgi_handler.rb:23:in `process!'
  /Users/willBailey/rails/notable_svn_working/public/dispatch.fcgi:24
killed by this error
[21/Apr/2006:00:38:37 :: 10085] starting
[22/Apr/2006:10:17:31 :: 10085] Dispatcher failed to catch:  (Interrupt)
  /usr/local/lib/ruby/site_ruby/1.8/fcgi.rb:597:in `each'
  /usr/local/lib/ruby/site_ruby/1.8/fcgi.rb:597:in `each_cgi'
  /Users/willBailey/rails/notable_svn_working/public/../config/../vendor/rails/railties/lib/fcgi_handler.rb:53:in `process!'
  /Users/willBailey/rails/notable_svn_working/public/../config/../vendor/rails/railties/lib/fcgi_handler.rb:23:in `process!'
  /Users/willBailey/rails/notable_svn_working/public/dispatch.fcgi:24
killed by this error
[22/Apr/2006:10:17:46 :: 10958] starting
[23/Apr/2006:10:31:29 :: 10958] Dispatcher failed to catch:  (Interrupt)
  /usr/local/lib/ruby/site_ruby/1.8/fcgi.rb:597:in `each'
  /usr/local/lib/ruby/site_ruby/1.8/fcgi.rb:597:in `each_cgi'
  /Users/willBailey/rails/notable_svn_working/public/../config/../vendor/rails/railties/lib/fcgi_handler.rb:53:in `process!'
  /Users/willBailey/rails/notable_svn_working/public/../config/../vendor/rails/railties/lib/fcgi_handler.rb:23:in `process!'
  /Users/willBailey/rails/notable_svn_working/public/dispatch.fcgi:24
killed by this error
[23/Apr/2006:10:31:55 :: 11307] starting
[23/Apr/2006:14:38:49 :: 11307] Dispatcher failed to catch:  (Interrupt)
  /usr/local/lib/ruby/site_ruby/1.8/fcgi.rb:597:in `each'
  /usr/local/lib/ruby/site_ruby/1.8/fcgi.rb:597:in `each_cgi'
  /Users/willBailey/rails/notable_svn_working/public/../config/../vendor/rails/railties/lib/fcgi_handler.rb:53:in `process!'
  /Users/willBailey/rails/notable_svn_working/public/../config/../vendor/rails/railties/lib/fcgi_handler.rb:23:in `process!'
  /Users/willBailey/rails/notable_svn_working/public/dispatch.fcgi:24
killed by this error
[23/Apr/2006:14:39:05 :: 11790] starting
[23/Apr/2006:14:40:02 :: 11790] Dispatcher failed to catch:  (Interrupt)
  /usr/local/lib/ruby/site_ruby/1.8/fcgi.rb:597:in `each'
  /usr/local/lib/ruby/site_ruby/1.8/fcgi.rb:597:in `each_cgi'
  /Users/willBailey/rails/notable_svn_working/public/../config/../vendor/rails/railties/lib/fcgi_handler.rb:53:in `process!'
  /Users/willBailey/rails/notable_svn_working/public/../config/../vendor/rails/railties/lib/fcgi_handler.rb:23:in `process!'
  /Users/willBailey/rails/notable_svn_working/public/dispatch.fcgi:24
killed by this error
[23/Apr/2006:14:40:12 :: 11805] starting
[24/Apr/2006:20:36:13 :: 11805] asked to reload ASAP
[24/Apr/2006:20:36:14 :: 11805] asked to reload ASAP
[03/May/2006:22:47:47 :: 1456] starting
[05/May/2006:13:35:39 :: 1456] Dispatcher failed to catch:  (Interrupt)
  /usr/local/lib/ruby/site_ruby/1.8/fcgi.rb:597:in `each'
  /usr/local/lib/ruby/site_ruby/1.8/fcgi.rb:597:in `each_cgi'
  /Users/willBailey/rails/notable_svn_working/public/../config/../vendor/rails/railties/lib/fcgi_handler.rb:53:in `process!'
  /Users/willBailey/rails/notable_svn_working/public/../config/../vendor/rails/railties/lib/fcgi_handler.rb:23:in `process!'
  /Users/willBailey/rails/notable_svn_working/public/dispatch.fcgi:24
killed by this error
[17/May/2006:22:19:38 :: 4521] starting
