# Logfile created on Thu Jul 05 10:47:26 -0400 2007 by logger.rb/1.5.2.9
failed to allocate memory
stack level too deep
exception reentered
no such file to load -- daemons
No such file or directory - /Users/will/Documents/code/rails/MailFetch/log/mail_check.rb.pid
failed to allocate memory
stack level too deep
exception reentered
no such file to load -- daemons
undefined method `nowsadsf' for Time:Class
failed to allocate memory
stack level too deep
exception reentered
no such file to load -- daemons
undefined method `nowsadsf' for Time:Class
failed to allocate memory
stack level too deep
exception reentered
no such file to load -- daemons
No such file or directory - /Users/will/Documents/code/rails/MailFetch/log/mail_check.rb.pid
No such file or directory - /Users/will/Documents/code/rails/MailFetch/log/mail_check.rb.pid
failed to allocate memory
stack level too deep
exception reentered
no such file to load -- daemons
No such file or directory - /Users/will/Documents/code/rails/MailFetch/lib/daemons/../../config/../config/mail_fetcher.yml
failed to allocate memory
stack level too deep
exception reentered
no such file to load -- daemons
No such file or directory - /Users/will/Documents/code/rails/MailFetch/log/mail_check.rb.pid
No such file or directory - /Users/will/Documents/code/rails/MailFetch/lib/daemons/../../config/../config/mail_fetcher.yml
failed to allocate memory
stack level too deep
exception reentered
no such file to load -- daemons
No such file or directory - /Users/will/Documents/code/rails/MailFetch/log/mail_check.rb.pid
Connection refused - connect(2)
failed to allocate memory
stack level too deep
exception reentered
no such file to load -- daemons
Connection refused - connect(2)
failed to allocate memory
stack level too deep
exception reentered
no such file to load -- daemons
Connection refused - connect(2)
failed to allocate memory
stack level too deep
exception reentered
no such file to load -- daemons
No such file or directory - /Users/will/Documents/code/rails/MailFetch/log/mail_check.rb.pid
Connection refused - connect(2)
failed to allocate memory
stack level too deep
exception reentered
no such file to load -- daemons
No such file or directory - /Users/will/Documents/code/rails/MailFetch/log/mail_check.rb.pid
Connection refused - connect(2)
failed to allocate memory
stack level too deep
exception reentered
no such file to load -- daemons
Connection refused - connect(2)
failed to allocate memory
stack level too deep
exception reentered
no such file to load -- daemons
Connection refused - connect(2)
failed to allocate memory
stack level too deep
exception reentered
no such file to load -- daemons
No such file or directory - /Users/will/Documents/code/rails/MailFetch/log/mail_check.rb.pid
Connection refused - connect(2)
failed to allocate memory
stack level too deep
exception reentered
no such file to load -- daemons
No such file or directory - /Users/will/Documents/code/rails/MailFetch/log/mail_check.rb.pid
Connection refused - connect(2)
failed to allocate memory
stack level too deep
exception reentered
no such file to load -- daemons
Connection refused - connect(2)
failed to allocate memory
stack level too deep
exception reentered
no such file to load -- daemons
Connection refused - connect(2)
failed to allocate memory
stack level too deep
exception reentered
no such file to load -- daemons
No such file or directory - /Users/will/Documents/code/rails/MailFetch/log/mail_check.rb.pid
No such file or directory - /Users/will/Documents/code/rails/MailFetch/log/mail_check.rb.pid
failed to allocate memory
stack level too deep
exception reentered
no such file to load -- daemons
failed to allocate memory
stack level too deep
exception reentered
no such file to load -- daemons
No such file or directory - /Users/will/Documents/code/rails/MailFetch/log/mail_check.rb.pid
undefined method `receive' for #<EmailSystem:0x37719f8>
undefined method `receive' for #<EmailSystem:0x3775c60>
undefined method `receive' for #<EmailSystem:0x3779ec8>
undefined method `receive' for #<EmailSystem:0x377e130>
undefined method `receive' for #<EmailSystem:0x36950d4>
failed to allocate memory
stack level too deep
exception reentered
no such file to load -- daemons
No such file or directory - /Users/will/Documents/code/rails/MailFetch/log/mail_check.rb.pid
failed to allocate memory
stack level too deep
exception reentered
no such file to load -- daemons
No such file or directory - /Users/will/Documents/code/rails/MailFetch/log/mail_check.rb.pid
Missing helper file helpers/email_system_helper.rb
no such file to load -- email_system_helper
uninitialized constant EmailSystem
failed to allocate memory
stack level too deep
exception reentered
no such file to load -- daemons
No such file or directory - /Users/will/Documents/code/rails/MailFetch/log/mail_check.rb.pid
failed to allocate memory
stack level too deep
exception reentered
no such file to load -- daemons
No such file or directory - /Users/will/Documents/code/rails/MailFetch/log/mail_check.rb.pid
failed to allocate memory
stack level too deep
exception reentered
no such file to load -- daemons
No such file or directory - /Users/will/Documents/code/rails/MailFetch/log/mail_check.rb.pid
failed to allocate memory
stack level too deep
exception reentered
no such file to load -- daemons
No such file or directory - /Users/will/Documents/code/rails/MailFetch/log/mail_check.rb.pid
Missing helper file helpers/email_system_helper.rb
no such file to load -- email_system_helper
uninitialized constant EmailSystem
failed to allocate memory
stack level too deep
exception reentered
no such file to load -- daemons
No such file or directory - /Users/will/Documents/code/rails/MailFetch/log/mail_check.rb.pid
failed to allocate memory
stack level too deep
exception reentered
no such file to load -- daemons
No such file or directory - /Users/will/Documents/code/rails/MailFetch/log/mail_check.rb.pid
failed to allocate memory
stack level too deep
exception reentered
no such file to load -- daemons
No such file or directory - /Users/will/Documents/code/rails/MailFetch/log/mail_check.rb.pid
failed to allocate memory
stack level too deep
exception reentered
no such file to load -- daemons
No such file or directory - /Users/will/Documents/code/rails/MailFetch/log/mail_check.rb_monitor.pid
No such file or directory - /Users/will/Documents/code/rails/MailFetch/log/mail_check.rb_monitor.pid
failed to allocate memory
stack level too deep
exception reentered
no such file to load -- daemons
failed to allocate memory
stack level too deep
exception reentered
no such file to load -- daemons
No such file or directory - /Users/will/Documents/code/rails/MailFetch/log/mail_check.rb.pid
failed to allocate memory
stack level too deep
exception reentered
no such file to load -- daemons
failed to allocate memory
stack level too deep
exception reentered
no such file to load -- daemons
failed to allocate memory
stack level too deep
exception reentered
no such file to load -- daemons
No such file or directory - /Users/will/Documents/code/rails/MailFetch/log/mail_check.rb.pid
failed to allocate memory
stack level too deep
exception reentered
no such file to load -- daemons
failed to allocate memory
stack level too deep
exception reentered
no such file to load -- daemons
failed to allocate memory
stack level too deep
exception reentered
no such file to load -- daemons
No such file or directory - /Users/will/Documents/code/rails/MailFetch/log/mail_check.rb.pid
failed to allocate memory
stack level too deep
exception reentered
no such file to load -- daemons
No such file or directory - /Users/will/Documents/code/rails/MailFetch/log/mail_check.rb.pid
failed to allocate memory
stack level too deep
exception reentered
no such file to load -- daemons
failed to allocate memory
stack level too deep
exception reentered
no such file to load -- daemons
No such file or directory - /Users/will/Documents/code/rails/MailFetch/log/mail_check.rb.pid
No such file or directory - /Users/will/Documents/code/rails/MailFetch/log/mail_check.rb.pid
failed to allocate memory
stack level too deep
exception reentered
no such file to load -- daemons
No such file or directory - /Users/will/Documents/code/rails/MailFetch/log/mail_check.rb.pid
failed to allocate memory
stack level too deep
exception reentered
no such file to load -- daemons
failed to allocate memory
stack level too deep
exception reentered
no such file to load -- daemons
failed to allocate memory
stack level too deep
exception reentered
no such file to load -- daemons
No such file or directory - /Users/will/Documents/code/rails/MailFetch/log/mail_check.rb.pid
failed to allocate memory
stack level too deep
exception reentered
no such file to load -- daemons
No such file or directory - /Users/will/Documents/code/rails/MailFetch/log/mail_check.rb.pid
failed to allocate memory
stack level too deep
exception reentered
no such file to load -- daemons
No such file or directory - /Users/will/Documents/code/rails/MailFetch/log/mail_check.rb.pid
failed to allocate memory
stack level too deep
exception reentered
no such file to load -- daemons
No such file or directory - /Users/will/Documents/code/rails/MailFetch/log/mail_check.rb.pid
failed to allocate memory
stack level too deep
exception reentered
no such file to load -- daemons
failed to allocate memory
stack level too deep
exception reentered
no such file to load -- daemons
No such file or directory - /Users/will/Documents/code/rails/MailFetch/log/mail_check.rb.pid
failed to allocate memory
stack level too deep
exception reentered
no such file to load -- daemons
No such file or directory - /Users/will/Documents/code/rails/MailFetch/log/mail_check.rb.pid
failed to allocate memory
stack level too deep
exception reentered
no such file to load -- daemons
No such file or directory - /Users/will/Documents/code/rails/MailFetch/log/mail_check.rb.pid
failed to allocate memory
stack level too deep
exception reentered
no such file to load -- daemons
No such file or directory - /Users/will/Documents/code/rails/MailFetch/log/mail_check.rb.pid
failed to allocate memory
stack level too deep
exception reentered
no such file to load -- daemons
No such file or directory - /Users/will/Documents/code/rails/MailFetch/log/mail_check.rb.pid
failed to allocate memory
stack level too deep
exception reentered
no such file to load -- daemons
No such file or directory - /Users/will/Documents/code/rails/MailFetch/log/mail_check.rb.pid
failed to allocate memory
stack level too deep
exception reentered
no such file to load -- daemons
No such file or directory - /Users/will/Documents/code/rails/MailFetch/log/mail_check.rb.pid
failed to allocate memory
stack level too deep
exception reentered
no such file to load -- daemons
failed to allocate memory
stack level too deep
exception reentered
no such file to load -- daemons
No such file or directory - /Users/will/Documents/code/rails/MailFetch/log/mail_check.rb.pid
failed to allocate memory
stack level too deep
exception reentered
no such file to load -- daemons
No such file or directory - /Users/will/Documents/code/rails/MailFetch/log/mail_check.rb.pid
failed to allocate memory
stack level too deep
exception reentered
no such file to load -- daemons
failed to allocate memory
stack level too deep
exception reentered
no such file to load -- daemons
No such file or directory - /Users/will/Documents/code/rails/MailFetch/log/mail_check.rb.pid
failed to allocate memory
stack level too deep
exception reentered
no such file to load -- daemons
No such file or directory - /Users/will/Documents/code/rails/MailFetch/log/mail_check.rb.pid
failed to allocate memory
stack level too deep
exception reentered
no such file to load -- daemons
No such file or directory - /Users/will/Documents/code/rails/MailFetch/log/mail_check.rb.pid
failed to allocate memory
stack level too deep
exception reentered
no such file to load -- daemons
failed to allocate memory
stack level too deep
exception reentered
no such file to load -- daemons
No such file or directory - /Users/will/Documents/code/rails/MailFetch/log/mail_check.rb.pid
failed to allocate memory
stack level too deep
exception reentered
no such file to load -- daemons
No such file or directory - /Users/will/Documents/code/rails/MailFetch/log/mail_check.rb.pid
failed to allocate memory
stack level too deep
exception reentered
no such file to load -- daemons
undefined local variable or method `asdf' for #<Object:0x1f69f4>
failed to allocate memory
stack level too deep
exception reentered
no such file to load -- daemons
No such file or directory - /Users/will/Documents/code/rails/MailFetch/log/mail_check.rb.pid
undefined local variable or method `asdf' for #<Object:0x1f69f4>
failed to allocate memory
stack level too deep
exception reentered
no such file to load -- daemons
No such file or directory - /Users/will/Documents/code/rails/MailFetch/log/mail_check.rb.pid
undefined local variable or method `asdf' for #<Object:0x1f69f4>
failed to allocate memory
stack level too deep
exception reentered
no such file to load -- daemons
No such file or directory - /Users/will/Documents/code/rails/MailFetch/log/mail_check.rb.pid
undefined local variable or method `asdf' for #<Object:0x1f69f4>
failed to allocate memory
stack level too deep
exception reentered
no such file to load -- daemons
No such file or directory - /Users/will/Documents/code/rails/MailFetch/log/mail_check.rb.pid
undefined local variable or method `asdf' for #<Object:0x1f69f4>
failed to allocate memory
stack level too deep
exception reentered
no such file to load -- daemons
No such file or directory - /Users/will/Documents/code/rails/MailFetch/log/mail_check.rb.pid
undefined local variable or method `asdf' for #<Object:0x1f69f4>
failed to allocate memory
stack level too deep
exception reentered
no such file to load -- daemons
No such file or directory - /Users/will/Documents/code/rails/MailFetch/log/mail_check.rb.pid
undefined local variable or method `asdf' for #<Object:0x1f69f4>
failed to allocate memory
stack level too deep
exception reentered
no such file to load -- daemons
No such file or directory - /Users/will/Documents/code/rails/MailFetch/log/mail_check.rb.pid
undefined local variable or method `asdf' for #<Object:0x1f69f4>
failed to allocate memory
stack level too deep
exception reentered
no such file to load -- daemons
No such file or directory - /Users/will/Documents/code/rails/MailFetch/log/mail_check.rb.pid
undefined local variable or method `asdf' for #<Object:0x1f69f4>
failed to allocate memory
stack level too deep
exception reentered
no such file to load -- daemons
No such file or directory - /Users/will/Documents/code/rails/MailFetch/log/mail_check.rb.pid
undefined local variable or method `asdf' for #<Object:0x1f69f4>
failed to allocate memory
stack level too deep
exception reentered
no such file to load -- daemons
No such file or directory - /Users/will/Documents/code/rails/MailFetch/log/mail_check.rb.pid
undefined local variable or method `asdf' for #<Object:0x1f69f4>
failed to allocate memory
stack level too deep
exception reentered
no such file to load -- daemons
No such file or directory - /Users/will/Documents/code/rails/MailFetch/log/mail_check.rb.pid
undefined local variable or method `asdf' for #<Object:0x1f69f4>
failed to allocate memory
stack level too deep
exception reentered
no such file to load -- daemons
undefined local variable or method `asdf' for #<Object:0x1f69f4>
failed to allocate memory
stack level too deep
exception reentered
no such file to load -- daemons
No such file or directory - /Users/will/Documents/code/rails/MailFetch/log/mail_check.rb.pid
undefined local variable or method `asdf' for #<Object:0x1f69f4>
failed to allocate memory
stack level too deep
exception reentered
no such file to load -- daemons
No such file or directory - /Users/will/Documents/code/rails/MailFetch/log/mail_check.rb.pid
No such file or directory - /Users/will/Documents/code/rails/MailFetch/log/mail_check.rb.pid
failed to allocate memory
stack level too deep
exception reentered
no such file to load -- daemons
No such file or directory - /Users/will/Documents/code/rails/MailFetch/log/mail_check.rb.pid
Missing helper file helpers/email_system_helper.rb
no such file to load -- email_system_helper.rb
uninitialized constant EmailSystem
failed to allocate memory
stack level too deep
exception reentered
no such file to load -- daemons
Missing helper file helpers/email_system_helper.rb
no such file to load -- email_system_helper.rb
uninitialized constant EmailSystem
failed to allocate memory
stack level too deep
exception reentered
no such file to load -- daemons
No such file or directory - /Users/will/Documents/code/rails/MailFetch/log/mail_check.rb.pid
No such file or directory - /Users/will/Documents/code/rails/MailFetch/log/mail_check.rb.pid
failed to allocate memory
stack level too deep
exception reentered
no such file to load -- daemons
failed to allocate memory
stack level too deep
exception reentered
no such file to load -- daemons
No such file or directory - /Users/will/Documents/code/rails/MailFetch/log/mail_check.rb.pid
failed to allocate memory
stack level too deep
exception reentered
no such file to load -- daemons
No such file or directory - /Users/will/Documents/code/rails/MailFetch/log/mail_check.rb.pid
No such file or directory - /Users/will/Documents/code/rails/MailFetch/log/mail_check.rb.pid
failed to allocate memory
stack level too deep
exception reentered
no such file to load -- daemons
No such process
No such file or directory - /Users/will/Documents/code/rails/MailFetch/log/mail_check.rb.pid
wrong number of arguments (1 for 0)
wrong number of arguments (1 for 0)
wrong number of arguments (1 for 0)
wrong number of arguments (1 for 0)
wrong number of arguments (1 for 0)
wrong number of arguments (1 for 0)
wrong number of arguments (1 for 0)
wrong number of arguments (1 for 0)
failed to allocate memory
stack level too deep
exception reentered
no such file to load -- daemons
No such file or directory - /Users/will/Documents/code/rails/MailFetch/log/mail_check.rb_monitor.pid
No such file or directory - /Users/will/Documents/code/rails/MailFetch/log/mail_check.rb_monitor.pid
